<?xml version="1.0" encoding="UTF-8"?>
<!-- Generated by org.testng.reporters.JUnitReportReporter -->
<testsuite hostname="Sumon" failures="0" tests="1" name="TestModel.RunSIgnIn" time="2.176" errors="0" timestamp="2022-01-15T05:55:46 EST" skipped="0">
  <testcase classname="TestModel.RunSIgnIn" name="openurl" time="2.176"/>
  <system-out/>
</testsuite> <!-- TestModel.RunSIgnIn -->
